<?xml version="1.0" encoding="UTF-8"?>
<coverage generated="1649068172">
  <project timestamp="1649068172">
    <file name="/var/www/html/packages/Sepa/SKien/Sepa/CntryValidation/SepaCntryValidation.php">
      <metrics loc="41" ncloc="13" classes="0" methods="0" coveredmethods="0" conditionals="0" coveredconditionals="0" statements="0" coveredstatements="0" elements="0" coveredelements="0"/>
    </file>
    <file name="/var/www/html/packages/Sepa/SKien/Sepa/CntryValidation/SepaCntryValidationAT.php">
      <class name="SKien\Sepa\CntryValidation\SepaCntryValidationAT" namespace="global">
        <metrics complexity="1" methods="1" coveredmethods="1" conditionals="0" coveredconditionals="0" statements="6" coveredstatements="6" elements="7" coveredelements="7"/>
      </class>
      <line num="49" type="method" name="__construct" visibility="public" complexity="1" crap="1" count="4"/>
      <line num="51" type="stmt" count="4"/>
      <line num="52" type="stmt" count="4"/>
      <line num="53" type="stmt" count="4"/>
      <line num="54" type="stmt" count="4"/>
      <line num="55" type="stmt" count="4"/>
      <line num="57" type="stmt" count="4"/>
      <metrics loc="59" ncloc="16" classes="1" methods="1" coveredmethods="1" conditionals="0" coveredconditionals="0" statements="6" coveredstatements="6" elements="7" coveredelements="7"/>
    </file>
    <file name="/var/www/html/packages/Sepa/SKien/Sepa/CntryValidation/SepaCntryValidationBE.php">
      <class name="SKien\Sepa\CntryValidation\SepaCntryValidationBE" namespace="global">
        <metrics complexity="8" methods="2" coveredmethods="2" conditionals="0" coveredconditionals="0" statements="24" coveredstatements="24" elements="26" coveredelements="26"/>
      </class>
      <line num="41" type="method" name="__construct" visibility="public" complexity="1" crap="1" count="4"/>
      <line num="43" type="stmt" count="4"/>
      <line num="44" type="stmt" count="4"/>
      <line num="45" type="stmt" count="4"/>
      <line num="47" type="stmt" count="4"/>
      <line num="93" type="method" name="validateCI" visibility="public" complexity="7" crap="7" count="1"/>
      <line num="96" type="stmt" count="1"/>
      <line num="97" type="stmt" count="1"/>
      <line num="98" type="stmt" count="1"/>
      <line num="99" type="stmt" count="1"/>
      <line num="100" type="stmt" count="1"/>
      <line num="101" type="stmt" count="1"/>
      <line num="102" type="stmt" count="1"/>
      <line num="103" type="stmt" count="1"/>
      <line num="105" type="stmt" count="1"/>
      <line num="108" type="stmt" count="1"/>
      <line num="109" type="stmt" count="1"/>
      <line num="111" type="stmt" count="1"/>
      <line num="112" type="stmt" count="1"/>
      <line num="114" type="stmt" count="1"/>
      <line num="116" type="stmt" count="1"/>
      <line num="117" type="stmt" count="1"/>
      <line num="118" type="stmt" count="1"/>
      <line num="120" type="stmt" count="1"/>
      <line num="121" type="stmt" count="1"/>
      <line num="123" type="stmt" count="1"/>
      <metrics loc="125" ncloc="46" classes="1" methods="2" coveredmethods="2" conditionals="0" coveredconditionals="0" statements="24" coveredstatements="24" elements="26" coveredelements="26"/>
    </file>
    <file name="/var/www/html/packages/Sepa/SKien/Sepa/CntryValidation/SepaCntryValidationBase.php">
      <class name="SKien\Sepa\CntryValidation\SepaCntryValidationBase" namespace="global">
        <metrics complexity="26" methods="8" coveredmethods="8" conditionals="0" coveredconditionals="0" statements="50" coveredstatements="50" elements="58" coveredelements="58"/>
      </class>
      <line num="55" type="method" name="__construct" visibility="public" complexity="2" crap="2" count="57"/>
      <line num="57" type="stmt" count="57"/>
      <line num="58" type="stmt" count="10"/>
      <line num="75" type="method" name="validateIBAN" visibility="public" complexity="6" crap="6" count="25"/>
      <line num="78" type="stmt" count="25"/>
      <line num="79" type="stmt" count="25"/>
      <line num="80" type="stmt" count="10"/>
      <line num="82" type="stmt" count="25"/>
      <line num="83" type="stmt" count="10"/>
      <line num="85" type="stmt" count="25"/>
      <line num="86" type="stmt" count="10"/>
      <line num="89" type="stmt" count="25"/>
      <line num="90" type="stmt" count="25"/>
      <line num="93" type="stmt" count="25"/>
      <line num="94" type="stmt" count="3"/>
      <line num="96" type="stmt" count="25"/>
      <line num="97" type="stmt" count="12"/>
      <line num="99" type="stmt" count="23"/>
      <line num="112" type="method" name="validateBIC" visibility="public" complexity="3" crap="3" count="27"/>
      <line num="114" type="stmt" count="27"/>
      <line num="115" type="stmt" count="4"/>
      <line num="117" type="stmt" count="27"/>
      <line num="118" type="stmt" count="27"/>
      <line num="119" type="stmt" count="25"/>
      <line num="121" type="stmt" count="27"/>
      <line num="150" type="method" name="validateCI" visibility="public" complexity="6" crap="6" count="22"/>
      <line num="153" type="stmt" count="22"/>
      <line num="154" type="stmt" count="22"/>
      <line num="155" type="stmt" count="9"/>
      <line num="157" type="stmt" count="22"/>
      <line num="158" type="stmt" count="9"/>
      <line num="160" type="stmt" count="22"/>
      <line num="161" type="stmt" count="9"/>
      <line num="164" type="stmt" count="22"/>
      <line num="166" type="stmt" count="22"/>
      <line num="167" type="stmt" count="22"/>
      <line num="168" type="stmt" count="6"/>
      <line num="170" type="stmt" count="22"/>
      <line num="171" type="stmt" count="10"/>
      <line num="173" type="stmt" count="21"/>
      <line num="199" type="method" name="getCheckSum" visibility="protected" complexity="2" crap="2" count="35"/>
      <line num="203" type="stmt" count="35"/>
      <line num="205" type="stmt" count="35"/>
      <line num="207" type="stmt" count="35"/>
      <line num="209" type="stmt" count="35"/>
      <line num="210" type="stmt" count="2"/>
      <line num="212" type="stmt" count="35"/>
      <line num="213" type="stmt" count="35"/>
      <line num="248" type="method" name="getAlpha2CntryCode" visibility="protected" complexity="1" crap="1" count="35"/>
      <line num="250" type="stmt" count="35"/>
      <line num="251" type="stmt" count="35"/>
      <line num="259" type="method" name="replaceAlpha" visibility="protected" complexity="2" crap="2" count="10"/>
      <line num="262" type="stmt" count="10"/>
      <line num="263" type="stmt" count="10"/>
      <line num="265" type="stmt" count="10"/>
      <line num="280" type="method" name="convCharToNum" visibility="protected" complexity="1" crap="1" count="35"/>
      <line num="282" type="stmt" count="35"/>
      <line num="283" type="stmt" count="35"/>
      <metrics loc="285" ncloc="129" classes="1" methods="8" coveredmethods="8" conditionals="0" coveredconditionals="0" statements="50" coveredstatements="50" elements="58" coveredelements="58"/>
    </file>
    <file name="/var/www/html/packages/Sepa/SKien/Sepa/CntryValidation/SepaCntryValidationCH.php">
      <class name="SKien\Sepa\CntryValidation\SepaCntryValidationCH" namespace="global">
        <metrics complexity="1" methods="1" coveredmethods="1" conditionals="0" coveredconditionals="0" statements="6" coveredstatements="6" elements="7" coveredelements="7"/>
      </class>
      <line num="48" type="method" name="__construct" visibility="public" complexity="1" crap="1" count="11"/>
      <line num="50" type="stmt" count="11"/>
      <line num="51" type="stmt" count="11"/>
      <line num="52" type="stmt" count="11"/>
      <line num="53" type="stmt" count="11"/>
      <line num="54" type="stmt" count="11"/>
      <line num="56" type="stmt" count="11"/>
      <metrics loc="58" ncloc="16" classes="1" methods="1" coveredmethods="1" conditionals="0" coveredconditionals="0" statements="6" coveredstatements="6" elements="7" coveredelements="7"/>
    </file>
    <file name="/var/www/html/packages/Sepa/SKien/Sepa/CntryValidation/SepaCntryValidationDE.php">
      <class name="SKien\Sepa\CntryValidation\SepaCntryValidationDE" namespace="global">
        <metrics complexity="1" methods="1" coveredmethods="1" conditionals="0" coveredconditionals="0" statements="6" coveredstatements="6" elements="7" coveredelements="7"/>
      </class>
      <line num="49" type="method" name="__construct" visibility="public" complexity="1" crap="1" count="20"/>
      <line num="51" type="stmt" count="20"/>
      <line num="52" type="stmt" count="20"/>
      <line num="53" type="stmt" count="20"/>
      <line num="54" type="stmt" count="20"/>
      <line num="55" type="stmt" count="20"/>
      <line num="57" type="stmt" count="20"/>
      <metrics loc="59" ncloc="16" classes="1" methods="1" coveredmethods="1" conditionals="0" coveredconditionals="0" statements="6" coveredstatements="6" elements="7" coveredelements="7"/>
    </file>
    <file name="/var/www/html/packages/Sepa/SKien/Sepa/CntryValidation/SepaCntryValidationEE.php">
      <class name="SKien\Sepa\CntryValidation\SepaCntryValidationEE" namespace="global">
        <metrics complexity="1" methods="1" coveredmethods="1" conditionals="0" coveredconditionals="0" statements="7" coveredstatements="7" elements="8" coveredelements="8"/>
      </class>
      <line num="51" type="method" name="__construct" visibility="public" complexity="1" crap="1" count="4"/>
      <line num="53" type="stmt" count="4"/>
      <line num="54" type="stmt" count="4"/>
      <line num="55" type="stmt" count="4"/>
      <line num="56" type="stmt" count="4"/>
      <line num="57" type="stmt" count="4"/>
      <line num="58" type="stmt" count="4"/>
      <line num="60" type="stmt" count="4"/>
      <metrics loc="62" ncloc="17" classes="1" methods="1" coveredmethods="1" conditionals="0" coveredconditionals="0" statements="7" coveredstatements="7" elements="8" coveredelements="8"/>
    </file>
    <file name="/var/www/html/packages/Sepa/SKien/Sepa/CntryValidation/SepaCntryValidationES.php">
      <class name="SKien\Sepa\CntryValidation\SepaCntryValidationES" namespace="global">
        <metrics complexity="1" methods="1" coveredmethods="1" conditionals="0" coveredconditionals="0" statements="7" coveredstatements="7" elements="8" coveredelements="8"/>
      </class>
      <line num="52" type="method" name="__construct" visibility="public" complexity="1" crap="1" count="4"/>
      <line num="54" type="stmt" count="4"/>
      <line num="55" type="stmt" count="4"/>
      <line num="56" type="stmt" count="4"/>
      <line num="57" type="stmt" count="4"/>
      <line num="58" type="stmt" count="4"/>
      <line num="59" type="stmt" count="4"/>
      <line num="61" type="stmt" count="4"/>
      <metrics loc="63" ncloc="17" classes="1" methods="1" coveredmethods="1" conditionals="0" coveredconditionals="0" statements="7" coveredstatements="7" elements="8" coveredelements="8"/>
    </file>
    <file name="/var/www/html/packages/Sepa/SKien/Sepa/CntryValidation/SepaCntryValidationFR.php">
      <class name="SKien\Sepa\CntryValidation\SepaCntryValidationFR" namespace="global">
        <metrics complexity="1" methods="1" coveredmethods="1" conditionals="0" coveredconditionals="0" statements="8" coveredstatements="8" elements="9" coveredelements="9"/>
      </class>
      <line num="56" type="method" name="__construct" visibility="public" complexity="1" crap="1" count="5"/>
      <line num="58" type="stmt" count="5"/>
      <line num="59" type="stmt" count="5"/>
      <line num="60" type="stmt" count="5"/>
      <line num="61" type="stmt" count="5"/>
      <line num="62" type="stmt" count="5"/>
      <line num="63" type="stmt" count="5"/>
      <line num="64" type="stmt" count="5"/>
      <line num="66" type="stmt" count="5"/>
      <metrics loc="68" ncloc="18" classes="1" methods="1" coveredmethods="1" conditionals="0" coveredconditionals="0" statements="8" coveredstatements="8" elements="9" coveredelements="9"/>
    </file>
    <file name="/var/www/html/packages/Sepa/SKien/Sepa/CntryValidation/SepaCntryValidationGB.php">
      <class name="SKien\Sepa\CntryValidation\SepaCntryValidationGB" namespace="global">
        <metrics complexity="1" methods="1" coveredmethods="1" conditionals="0" coveredconditionals="0" statements="8" coveredstatements="8" elements="9" coveredelements="9"/>
      </class>
      <line num="56" type="method" name="__construct" visibility="public" complexity="1" crap="1" count="4"/>
      <line num="58" type="stmt" count="4"/>
      <line num="59" type="stmt" count="4"/>
      <line num="60" type="stmt" count="4"/>
      <line num="61" type="stmt" count="4"/>
      <line num="62" type="stmt" count="4"/>
      <line num="63" type="stmt" count="4"/>
      <line num="64" type="stmt" count="4"/>
      <line num="66" type="stmt" count="4"/>
      <metrics loc="68" ncloc="18" classes="1" methods="1" coveredmethods="1" conditionals="0" coveredconditionals="0" statements="8" coveredstatements="8" elements="9" coveredelements="9"/>
    </file>
    <file name="/var/www/html/packages/Sepa/SKien/Sepa/CntryValidation/SepaCntryValidationIT.php">
      <class name="SKien\Sepa\CntryValidation\SepaCntryValidationIT" namespace="global">
        <metrics complexity="1" methods="1" coveredmethods="1" conditionals="0" coveredconditionals="0" statements="8" coveredstatements="8" elements="9" coveredelements="9"/>
      </class>
      <line num="50" type="method" name="__construct" visibility="public" complexity="1" crap="1" count="4"/>
      <line num="52" type="stmt" count="4"/>
      <line num="53" type="stmt" count="4"/>
      <line num="54" type="stmt" count="4"/>
      <line num="55" type="stmt" count="4"/>
      <line num="56" type="stmt" count="4"/>
      <line num="57" type="stmt" count="4"/>
      <line num="58" type="stmt" count="4"/>
      <line num="60" type="stmt" count="4"/>
      <metrics loc="62" ncloc="18" classes="1" methods="1" coveredmethods="1" conditionals="0" coveredconditionals="0" statements="8" coveredstatements="8" elements="9" coveredelements="9"/>
    </file>
    <file name="/var/www/html/packages/Sepa/SKien/Sepa/CntryValidation/SepaCntryValidationLU.php">
      <class name="SKien\Sepa\CntryValidation\SepaCntryValidationLU" namespace="global">
        <metrics complexity="1" methods="1" coveredmethods="1" conditionals="0" coveredconditionals="0" statements="7" coveredstatements="7" elements="8" coveredelements="8"/>
      </class>
      <line num="49" type="method" name="__construct" visibility="public" complexity="1" crap="1" count="4"/>
      <line num="51" type="stmt" count="4"/>
      <line num="52" type="stmt" count="4"/>
      <line num="53" type="stmt" count="4"/>
      <line num="54" type="stmt" count="4"/>
      <line num="55" type="stmt" count="4"/>
      <line num="56" type="stmt" count="4"/>
      <line num="58" type="stmt" count="4"/>
      <metrics loc="60" ncloc="17" classes="1" methods="1" coveredmethods="1" conditionals="0" coveredconditionals="0" statements="7" coveredstatements="7" elements="8" coveredelements="8"/>
    </file>
    <file name="/var/www/html/packages/Sepa/SKien/Sepa/SclDirectory.php">
      <class name="SKien\Sepa\SclDirectory" namespace="global">
        <metrics complexity="54" methods="11" coveredmethods="10" conditionals="0" coveredconditionals="0" statements="129" coveredstatements="128" elements="140" coveredelements="138"/>
      </class>
      <line num="48" type="method" name="__construct" visibility="public" complexity="1" crap="1" count="19"/>
      <line num="50" type="stmt" count="19"/>
      <line num="59" type="method" name="init" visibility="public" complexity="6" crap="6" count="19"/>
      <line num="61" type="stmt" count="19"/>
      <line num="62" type="stmt" count="19"/>
      <line num="63" type="stmt" count="19"/>
      <line num="64" type="stmt" count="19"/>
      <line num="67" type="stmt" count="19"/>
      <line num="68" type="stmt" count="16"/>
      <line num="69" type="stmt" count="1"/>
      <line num="71" type="stmt" count="15"/>
      <line num="72" type="stmt" count="16"/>
      <line num="75" type="stmt" count="3"/>
      <line num="76" type="stmt" count="3"/>
      <line num="77" type="stmt" count="1"/>
      <line num="80" type="stmt" count="19"/>
      <line num="87" type="method" name="lastUpdated" visibility="public" complexity="4" crap="4" count="6"/>
      <line num="89" type="stmt" count="6"/>
      <line num="90" type="stmt" count="6"/>
      <line num="91" type="stmt" count="5"/>
      <line num="92" type="stmt" count="5"/>
      <line num="93" type="stmt" count="5"/>
      <line num="96" type="stmt" count="6"/>
      <line num="104" type="method" name="isValidBIC" visibility="public" complexity="1" crap="1" count="3"/>
      <line num="106" type="stmt" count="3"/>
      <line num="117" type="method" name="getNameFromBIC" visibility="public" complexity="3" crap="3" count="4"/>
      <line num="119" type="stmt" count="4"/>
      <line num="120" type="stmt" count="4"/>
      <line num="121" type="stmt" count="4"/>
      <line num="122" type="stmt" count="3"/>
      <line num="124" type="stmt" count="4"/>
      <line num="135" type="method" name="getProviderList" visibility="public" complexity="8" crap="8" count="2"/>
      <line num="137" type="stmt" count="2"/>
      <line num="138" type="stmt" count="2"/>
      <line num="139" type="stmt" count="2"/>
      <line num="140" type="stmt" count="2"/>
      <line num="141" type="stmt" count="1"/>
      <line num="143" type="stmt" count="1"/>
      <line num="145" type="stmt" count="2"/>
      <line num="146" type="stmt" count="2"/>
      <line num="147" type="stmt" count="2"/>
      <line num="148" type="stmt" count="2"/>
      <line num="153" type="stmt" count="2"/>
      <line num="168" type="method" name="loadFromInternet" visibility="public" complexity="12" crap="12" count="7"/>
      <line num="171" type="stmt" count="7"/>
      <line num="172" type="stmt" count="6"/>
      <line num="174" type="stmt" count="1"/>
      <line num="175" type="stmt" count="1"/>
      <line num="176" type="stmt" count="1"/>
      <line num="178" type="stmt" count="3"/>
      <line num="180" type="stmt" count="3"/>
      <line num="181" type="stmt" count="3"/>
      <line num="183" type="stmt" count="3"/>
      <line num="184" type="stmt" count="3"/>
      <line num="185" type="stmt" count="3"/>
      <line num="187" type="stmt" count="3"/>
      <line num="188" type="stmt" count="3"/>
      <line num="191" type="stmt" count="3"/>
      <line num="192" type="stmt" count="3"/>
      <line num="194" type="stmt" count="3"/>
      <line num="199" type="stmt" count="3"/>
      <line num="200" type="stmt" count="3"/>
      <line num="201" type="stmt" count="1"/>
      <line num="202" type="stmt" count="1"/>
      <line num="203" type="stmt" count="1"/>
      <line num="205" type="stmt" count="2"/>
      <line num="206" type="stmt" count="2"/>
      <line num="207" type="stmt" count="2"/>
      <line num="208" type="stmt" count="2"/>
      <line num="209" type="stmt" count="2"/>
      <line num="210" type="stmt" count="2"/>
      <line num="212" type="stmt" count="2"/>
      <line num="213" type="stmt" count="2"/>
      <line num="214" type="stmt" count="2"/>
      <line num="216" type="stmt" count="2"/>
      <line num="217" type="stmt" count="2"/>
      <line num="218" type="stmt" count="2"/>
      <line num="220" type="stmt" count="2"/>
      <line num="221" type="stmt" count="2"/>
      <line num="222" type="stmt" count="2"/>
      <line num="223" type="stmt" count="2"/>
      <line num="225" type="stmt" count="2"/>
      <line num="227" type="stmt" count="2"/>
      <line num="230" type="stmt" count="2"/>
      <line num="231" type="stmt" count="2"/>
      <line num="232" type="stmt" count="2"/>
      <line num="233" type="stmt" count="2"/>
      <line num="234" type="stmt" count="2"/>
      <line num="235" type="stmt" count="2"/>
      <line num="236" type="stmt" count="2"/>
      <line num="238" type="stmt" count="2"/>
      <line num="239" type="stmt" count="2"/>
      <line num="240" type="stmt" count="2"/>
      <line num="242" type="stmt" count="2"/>
      <line num="243" type="stmt" count="2"/>
      <line num="250" type="method" name="getError" visibility="public" complexity="1" crap="1" count="4"/>
      <line num="252" type="stmt" count="4"/>
      <line num="262" type="method" name="getProviderNode" visibility="protected" complexity="8" crap="8" count="7"/>
      <line num="264" type="stmt" count="7"/>
      <line num="265" type="stmt" count="7"/>
      <line num="266" type="stmt" count="7"/>
      <line num="267" type="stmt" count="7"/>
      <line num="268" type="stmt" count="7"/>
      <line num="269" type="stmt" count="2"/>
      <line num="270" type="stmt" count="2"/>
      <line num="272" type="stmt" count="7"/>
      <line num="273" type="stmt" count="5"/>
      <line num="276" type="stmt" count="7"/>
      <line num="288" type="method" name="hasIntervalExpired" visibility="protected" complexity="4" crap="4" count="7"/>
      <line num="290" type="stmt" count="7"/>
      <line num="291" type="stmt" count="1"/>
      <line num="293" type="stmt" count="6"/>
      <line num="294" type="stmt" count="6"/>
      <line num="295" type="stmt" count="1"/>
      <line num="297" type="stmt" count="5"/>
      <line num="299" type="stmt" count="2"/>
      <line num="301" type="stmt" count="3"/>
      <line num="302" type="stmt" count="2"/>
      <line num="303" type="stmt" count="2"/>
      <line num="304" type="stmt" count="2"/>
      <line num="306" type="stmt" count="2"/>
      <line num="317" type="method" name="convToUCWords" visibility="protected" complexity="6" crap="6.01" count="2"/>
      <line num="319" type="stmt" count="2"/>
      <line num="322" type="stmt" count="2"/>
      <line num="323" type="stmt" count="2"/>
      <line num="324" type="stmt" count="2"/>
      <line num="331" type="stmt" count="2"/>
      <line num="332" type="stmt" count="2"/>
      <line num="333" type="stmt" count="2"/>
      <line num="334" type="stmt" count="2"/>
      <line num="335" type="stmt" count="2"/>
      <line num="336" type="stmt" count="2"/>
      <line num="338" type="stmt" count="1"/>
      <line num="339" type="stmt" count="2"/>
      <line num="341" type="stmt" count="0"/>
      <line num="342" type="stmt" count="2"/>
      <line num="344" type="stmt" count="2"/>
      <line num="346" type="stmt" count="2"/>
      <line num="348" type="stmt" count="2"/>
      <line num="350" type="stmt" count="2"/>
      <metrics loc="352" ncloc="232" classes="1" methods="11" coveredmethods="10" conditionals="0" coveredconditionals="0" statements="129" coveredstatements="128" elements="140" coveredelements="138"/>
    </file>
    <file name="/var/www/html/packages/Sepa/SKien/Sepa/Sepa.php">
      <class name="SKien\Sepa\Sepa" namespace="global">
        <metrics complexity="54" methods="16" coveredmethods="16" conditionals="0" coveredconditionals="0" statements="123" coveredstatements="123" elements="139" coveredelements="139"/>
      </class>
      <line num="159" type="method" name="getPainVersion" visibility="public" complexity="2" crap="2" count="25"/>
      <line num="163" type="stmt" count="25"/>
      <line num="168" type="stmt" count="25"/>
      <line num="173" type="stmt" count="25"/>
      <line num="178" type="stmt" count="25"/>
      <line num="179" type="stmt" count="1"/>
      <line num="181" type="stmt" count="24"/>
      <line num="190" type="method" name="init" visibility="public" complexity="2" crap="2" count="35"/>
      <line num="192" type="stmt" count="35"/>
      <line num="193" type="stmt" count="29"/>
      <line num="195" type="stmt" count="6"/>
      <line num="196" type="stmt" count="6"/>
      <line num="197" type="stmt" count="6"/>
      <line num="198" type="stmt" count="6"/>
      <line num="199" type="stmt" count="6"/>
      <line num="200" type="stmt" count="6"/>
      <line num="201" type="stmt" count="6"/>
      <line num="202" type="stmt" count="6"/>
      <line num="203" type="stmt" count="6"/>
      <line num="204" type="stmt" count="6"/>
      <line num="206" type="stmt" count="6"/>
      <line num="213" type="stmt" count="6"/>
      <line num="218" type="stmt" count="6"/>
      <line num="225" type="stmt" count="6"/>
      <line num="237" type="stmt" count="6"/>
      <line num="257" type="method" name="reset" visibility="public" complexity="1" crap="1" count="4"/>
      <line num="259" type="stmt" count="4"/>
      <line num="260" type="stmt" count="4"/>
      <line num="261" type="stmt" count="4"/>
      <line num="262" type="stmt" count="4"/>
      <line num="263" type="stmt" count="4"/>
      <line num="264" type="stmt" count="4"/>
      <line num="265" type="stmt" count="4"/>
      <line num="274" type="method" name="addValidation" visibility="public" complexity="3" crap="3" count="8"/>
      <line num="276" type="stmt" count="8"/>
      <line num="277" type="stmt" count="1"/>
      <line num="279" type="stmt" count="7"/>
      <line num="280" type="stmt" count="1"/>
      <line num="282" type="stmt" count="6"/>
      <line num="307" type="method" name="setValidationLevel" visibility="public" complexity="1" crap="1" count="33"/>
      <line num="309" type="stmt" count="33"/>
      <line num="318" type="method" name="checkValidation" visibility="public" complexity="1" crap="1" count="17"/>
      <line num="320" type="stmt" count="17"/>
      <line num="330" type="method" name="loadErrorMsg" visibility="public" complexity="12" crap="12" count="5"/>
      <line num="339" type="stmt" count="5"/>
      <line num="340" type="stmt" count="4"/>
      <line num="341" type="stmt" count="4"/>
      <line num="342" type="stmt" count="4"/>
      <line num="343" type="stmt" count="4"/>
      <line num="344" type="stmt" count="4"/>
      <line num="346" type="stmt" count="4"/>
      <line num="347" type="stmt" count="4"/>
      <line num="349" type="stmt" count="4"/>
      <line num="350" type="stmt" count="4"/>
      <line num="352" type="stmt" count="4"/>
      <line num="353" type="stmt" count="4"/>
      <line num="356" type="stmt" count="4"/>
      <line num="359" type="stmt" count="1"/>
      <line num="370" type="method" name="validateIBAN" visibility="public" complexity="5" crap="5" count="19"/>
      <line num="372" type="stmt" count="19"/>
      <line num="373" type="stmt" count="19"/>
      <line num="374" type="stmt" count="1"/>
      <line num="377" type="stmt" count="18"/>
      <line num="378" type="stmt" count="1"/>
      <line num="380" type="stmt" count="17"/>
      <line num="381" type="stmt" count="17"/>
      <line num="382" type="stmt" count="2"/>
      <line num="383" type="stmt" count="1"/>
      <line num="385" type="stmt" count="1"/>
      <line num="388" type="stmt" count="15"/>
      <line num="389" type="stmt" count="15"/>
      <line num="391" type="stmt" count="15"/>
      <line num="402" type="method" name="validateBIC" visibility="public" complexity="6" crap="6" count="22"/>
      <line num="404" type="stmt" count="22"/>
      <line num="405" type="stmt" count="22"/>
      <line num="407" type="stmt" count="1"/>
      <line num="409" type="stmt" count="22"/>
      <line num="410" type="stmt" count="1"/>
      <line num="413" type="stmt" count="21"/>
      <line num="414" type="stmt" count="2"/>
      <line num="416" type="stmt" count="19"/>
      <line num="417" type="stmt" count="19"/>
      <line num="418" type="stmt" count="3"/>
      <line num="419" type="stmt" count="2"/>
      <line num="421" type="stmt" count="2"/>
      <line num="424" type="stmt" count="17"/>
      <line num="425" type="stmt" count="17"/>
      <line num="427" type="stmt" count="17"/>
      <line num="437" type="method" name="validateCI" visibility="public" complexity="5" crap="5" count="17"/>
      <line num="439" type="stmt" count="17"/>
      <line num="440" type="stmt" count="17"/>
      <line num="441" type="stmt" count="1"/>
      <line num="444" type="stmt" count="16"/>
      <line num="445" type="stmt" count="1"/>
      <line num="447" type="stmt" count="15"/>
      <line num="448" type="stmt" count="15"/>
      <line num="449" type="stmt" count="2"/>
      <line num="450" type="stmt" count="1"/>
      <line num="452" type="stmt" count="1"/>
      <line num="455" type="stmt" count="13"/>
      <line num="456" type="stmt" count="13"/>
      <line num="458" type="stmt" count="13"/>
      <line num="466" type="method" name="errorMsg" visibility="public" complexity="2" crap="2" count="3"/>
      <line num="468" type="stmt" count="3"/>
      <line num="469" type="stmt" count="3"/>
      <line num="470" type="stmt" count="3"/>
      <line num="471" type="stmt" count="3"/>
      <line num="473" type="stmt" count="3"/>
      <line num="482" type="method" name="errorMsgIBAN" visibility="public" complexity="2" crap="2" count="1"/>
      <line num="484" type="stmt" count="1"/>
      <line num="485" type="stmt" count="1"/>
      <line num="486" type="stmt" count="1"/>
      <line num="488" type="stmt" count="1"/>
      <line num="497" type="method" name="errorMsgBIC" visibility="public" complexity="2" crap="2" count="1"/>
      <line num="499" type="stmt" count="1"/>
      <line num="500" type="stmt" count="1"/>
      <line num="501" type="stmt" count="1"/>
      <line num="503" type="stmt" count="1"/>
      <line num="512" type="method" name="errorMsgCI" visibility="public" complexity="2" crap="2" count="1"/>
      <line num="514" type="stmt" count="1"/>
      <line num="515" type="stmt" count="1"/>
      <line num="516" type="stmt" count="1"/>
      <line num="518" type="stmt" count="1"/>
      <line num="529" type="method" name="errorMsgPmtInf" visibility="public" complexity="4" crap="4" count="1"/>
      <line num="531" type="stmt" count="1"/>
      <line num="532" type="stmt" count="1"/>
      <line num="533" type="stmt" count="1"/>
      <line num="534" type="stmt" count="1"/>
      <line num="535" type="stmt" count="1"/>
      <line num="536" type="stmt" count="1"/>
      <line num="539" type="stmt" count="1"/>
      <line num="550" type="method" name="errorMsgTxInf" visibility="public" complexity="4" crap="4" count="1"/>
      <line num="552" type="stmt" count="1"/>
      <line num="553" type="stmt" count="1"/>
      <line num="554" type="stmt" count="1"/>
      <line num="555" type="stmt" count="1"/>
      <line num="556" type="stmt" count="1"/>
      <line num="557" type="stmt" count="1"/>
      <line num="560" type="stmt" count="1"/>
      <metrics loc="564" ncloc="363" classes="1" methods="16" coveredmethods="16" conditionals="0" coveredconditionals="0" statements="123" coveredstatements="123" elements="139" coveredelements="139"/>
    </file>
    <file name="/var/www/html/packages/Sepa/SKien/Sepa/SepaDoc.php">
      <class name="SKien\Sepa\SepaDoc" namespace="global">
        <metrics complexity="22" methods="12" coveredmethods="12" conditionals="0" coveredconditionals="0" statements="95" coveredstatements="95" elements="107" coveredelements="107"/>
      </class>
      <line num="45" type="method" name="__construct" visibility="public" complexity="1" crap="1" count="25"/>
      <line num="48" type="stmt" count="25"/>
      <line num="49" type="stmt" count="24"/>
      <line num="51" type="stmt" count="24"/>
      <line num="52" type="stmt" count="24"/>
      <line num="54" type="stmt" count="24"/>
      <line num="56" type="stmt" count="24"/>
      <line num="57" type="stmt" count="24"/>
      <line num="59" type="stmt" count="24"/>
      <line num="60" type="stmt" count="24"/>
      <line num="62" type="stmt" count="24"/>
      <line num="63" type="stmt" count="24"/>
      <line num="64" type="stmt" count="24"/>
      <line num="65" type="stmt" count="24"/>
      <line num="66" type="stmt" count="24"/>
      <line num="68" type="stmt" count="24"/>
      <line num="69" type="stmt" count="24"/>
      <line num="82" type="method" name="createGroupHeader" visibility="public" complexity="2" crap="2" count="22"/>
      <line num="84" type="stmt" count="22"/>
      <line num="85" type="stmt" count="22"/>
      <line num="86" type="stmt" count="22"/>
      <line num="88" type="stmt" count="22"/>
      <line num="90" type="stmt" count="22"/>
      <line num="91" type="stmt" count="22"/>
      <line num="92" type="stmt" count="22"/>
      <line num="93" type="stmt" count="22"/>
      <line num="95" type="stmt" count="22"/>
      <line num="96" type="stmt" count="22"/>
      <line num="100" type="stmt" count="22"/>
      <line num="111" type="method" name="addPaymentInstructionInfo" visibility="public" complexity="7" crap="7" count="12"/>
      <line num="113" type="stmt" count="12"/>
      <line num="114" type="stmt" count="12"/>
      <line num="115" type="stmt" count="1"/>
      <line num="117" type="stmt" count="11"/>
      <line num="118" type="stmt" count="11"/>
      <line num="119" type="stmt" count="11"/>
      <line num="121" type="stmt" count="11"/>
      <line num="122" type="stmt" count="11"/>
      <line num="123" type="stmt" count="11"/>
      <line num="124" type="stmt" count="11"/>
      <line num="127" type="stmt" count="11"/>
      <line num="128" type="stmt" count="11"/>
      <line num="129" type="stmt" count="11"/>
      <line num="131" type="stmt" count="11"/>
      <line num="132" type="stmt" count="3"/>
      <line num="133" type="stmt" count="3"/>
      <line num="136" type="stmt" count="11"/>
      <line num="138" type="stmt" count="7"/>
      <line num="139" type="stmt" count="7"/>
      <line num="140" type="stmt" count="7"/>
      <line num="141" type="stmt" count="7"/>
      <line num="144" type="stmt" count="7"/>
      <line num="145" type="stmt" count="7"/>
      <line num="147" type="stmt" count="7"/>
      <line num="148" type="stmt" count="7"/>
      <line num="149" type="stmt" count="7"/>
      <line num="151" type="stmt" count="7"/>
      <line num="152" type="stmt" count="7"/>
      <line num="153" type="stmt" count="7"/>
      <line num="156" type="stmt" count="7"/>
      <line num="157" type="stmt" count="7"/>
      <line num="158" type="stmt" count="7"/>
      <line num="159" type="stmt" count="7"/>
      <line num="160" type="stmt" count="7"/>
      <line num="161" type="stmt" count="7"/>
      <line num="162" type="stmt" count="7"/>
      <line num="164" type="stmt" count="4"/>
      <line num="167" type="stmt" count="4"/>
      <line num="168" type="stmt" count="4"/>
      <line num="170" type="stmt" count="4"/>
      <line num="171" type="stmt" count="4"/>
      <line num="172" type="stmt" count="4"/>
      <line num="174" type="stmt" count="4"/>
      <line num="175" type="stmt" count="4"/>
      <line num="176" type="stmt" count="4"/>
      <line num="180" type="stmt" count="11"/>
      <line num="195" type="method" name="output" visibility="public" complexity="1" crap="1" count="1"/>
      <line num="198" type="stmt" count="1"/>
      <line num="199" type="stmt" count="1"/>
      <line num="200" type="stmt" count="1"/>
      <line num="201" type="stmt" count="1"/>
      <line num="203" type="stmt" count="1"/>
      <line num="212" type="method" name="calc" visibility="public" complexity="3" crap="3" count="11"/>
      <line num="214" type="stmt" count="11"/>
      <line num="215" type="stmt" count="1"/>
      <line num="217" type="stmt" count="10"/>
      <line num="218" type="stmt" count="10"/>
      <line num="219" type="stmt" count="10"/>
      <line num="220" type="stmt" count="10"/>
      <line num="228" type="method" name="incInvalidCount" visibility="public" complexity="1" crap="1" count="1"/>
      <line num="230" type="stmt" count="1"/>
      <line num="240" type="method" name="addChild" visibility="protected" complexity="2" crap="2" count="22"/>
      <line num="242" type="stmt" count="22"/>
      <line num="243" type="stmt" count="22"/>
      <line num="244" type="stmt" count="22"/>
      <line num="246" type="stmt" count="22"/>
      <line num="248" type="stmt" count="22"/>
      <line num="255" type="method" name="getId" visibility="public" complexity="1" crap="1" count="1"/>
      <line num="257" type="stmt" count="1"/>
      <line num="264" type="method" name="getType" visibility="public" complexity="1" crap="1" count="12"/>
      <line num="266" type="stmt" count="12"/>
      <line num="273" type="method" name="getTxCount" visibility="public" complexity="1" crap="1" count="2"/>
      <line num="275" type="stmt" count="2"/>
      <line num="282" type="method" name="getCtrlSum" visibility="public" complexity="1" crap="1" count="2"/>
      <line num="284" type="stmt" count="2"/>
      <line num="291" type="method" name="getInvalidCount" visibility="public" complexity="1" crap="1" count="2"/>
      <line num="293" type="stmt" count="2"/>
      <metrics loc="296" ncloc="192" classes="1" methods="12" coveredmethods="12" conditionals="0" coveredconditionals="0" statements="95" coveredstatements="95" elements="107" coveredelements="107"/>
    </file>
    <file name="/var/www/html/packages/Sepa/SKien/Sepa/SepaHelper.php">
      <class name="SKien\Sepa\SepaHelper" namespace="global">
        <metrics complexity="20" methods="6" coveredmethods="6" conditionals="0" coveredconditionals="0" statements="45" coveredstatements="45" elements="51" coveredelements="51"/>
      </class>
      <line num="19" type="method" name="isValidType" visibility="protected" complexity="3" crap="3" count="33"/>
      <line num="21" type="stmt" count="33"/>
      <line num="22" type="stmt" count="2"/>
      <line num="24" type="stmt" count="31"/>
      <line num="32" type="method" name="createUID" visibility="public" complexity="1" crap="1" count="27"/>
      <line num="34" type="stmt" count="27"/>
      <line num="35" type="stmt" count="27"/>
      <line num="36" type="stmt" count="27"/>
      <line num="37" type="stmt" count="27"/>
      <line num="38" type="stmt" count="27"/>
      <line num="39" type="stmt" count="27"/>
      <line num="41" type="stmt" count="27"/>
      <line num="77" type="method" name="validString" visibility="public" complexity="8" crap="8" count="27"/>
      <line num="80" type="stmt" count="27"/>
      <line num="83" type="stmt" count="27"/>
      <line num="84" type="stmt" count="27"/>
      <line num="85" type="stmt" count="27"/>
      <line num="86" type="stmt" count="27"/>
      <line num="88" type="stmt" count="2"/>
      <line num="89" type="stmt" count="2"/>
      <line num="90" type="stmt" count="2"/>
      <line num="91" type="stmt" count="2"/>
      <line num="93" type="stmt" count="15"/>
      <line num="94" type="stmt" count="15"/>
      <line num="95" type="stmt" count="15"/>
      <line num="96" type="stmt" count="15"/>
      <line num="98" type="stmt" count="1"/>
      <line num="99" type="stmt" count="1"/>
      <line num="101" type="stmt" count="26"/>
      <line num="102" type="stmt" count="26"/>
      <line num="104" type="stmt" count="15"/>
      <line num="105" type="stmt" count="15"/>
      <line num="108" type="stmt" count="1"/>
      <line num="111" type="stmt" count="27"/>
      <line num="112" type="stmt" count="27"/>
      <line num="123" type="method" name="replaceSpecialChars" visibility="public" complexity="2" crap="2" count="28"/>
      <line num="125" type="stmt" count="28"/>
      <line num="126" type="stmt" count="28"/>
      <line num="146" type="stmt" count="28"/>
      <line num="148" type="stmt" count="28"/>
      <line num="157" type="method" name="calcDelayedDate" visibility="public" complexity="4" crap="4" count="15"/>
      <line num="159" type="stmt" count="15"/>
      <line num="162" type="stmt" count="15"/>
      <line num="163" type="stmt" count="15"/>
      <line num="164" type="stmt" count="11"/>
      <line num="165" type="stmt" count="11"/>
      <line num="166" type="stmt" count="11"/>
      <line num="169" type="stmt" count="15"/>
      <line num="186" type="method" name="isTarget2Day" visibility="public" complexity="2" crap="2" count="12"/>
      <line num="188" type="stmt" count="12"/>
      <line num="200" type="stmt" count="12"/>
      <metrics loc="203" ncloc="115" classes="1" methods="6" coveredmethods="6" conditionals="0" coveredconditionals="0" statements="45" coveredstatements="45" elements="51" coveredelements="51"/>
    </file>
    <file name="/var/www/html/packages/Sepa/SKien/Sepa/SepaPmtInf.php">
      <class name="SKien\Sepa\SepaPmtInf" namespace="global">
        <metrics complexity="63" methods="29" coveredmethods="29" conditionals="0" coveredconditionals="0" statements="141" coveredstatements="141" elements="170" coveredelements="170"/>
      </class>
      <line num="52" type="method" name="__construct" visibility="public" complexity="1" crap="1" count="21"/>
      <line num="55" type="stmt" count="21"/>
      <line num="58" type="stmt" count="21"/>
      <line num="59" type="stmt" count="21"/>
      <line num="69" type="method" name="validate" visibility="public" complexity="1" crap="1" count="14"/>
      <line num="71" type="stmt" count="14"/>
      <line num="72" type="stmt" count="14"/>
      <line num="73" type="stmt" count="14"/>
      <line num="74" type="stmt" count="14"/>
      <line num="75" type="stmt" count="14"/>
      <line num="88" type="method" name="errorMsg" visibility="public" complexity="1" crap="1" count="1"/>
      <line num="91" type="stmt" count="1"/>
      <line num="101" type="method" name="addTransaction" visibility="public" complexity="10" crap="10" count="12"/>
      <line num="104" type="stmt" count="12"/>
      <line num="105" type="stmt" count="1"/>
      <line num="108" type="stmt" count="11"/>
      <line num="109" type="stmt" count="1"/>
      <line num="112" type="stmt" count="10"/>
      <line num="113" type="stmt" count="10"/>
      <line num="114" type="stmt" count="9"/>
      <line num="115" type="stmt" count="5"/>
      <line num="117" type="stmt" count="5"/>
      <line num="118" type="stmt" count="5"/>
      <line num="121" type="stmt" count="5"/>
      <line num="122" type="stmt" count="5"/>
      <line num="125" type="stmt" count="5"/>
      <line num="126" type="stmt" count="5"/>
      <line num="127" type="stmt" count="5"/>
      <line num="128" type="stmt" count="5"/>
      <line num="129" type="stmt" count="5"/>
      <line num="132" type="stmt" count="5"/>
      <line num="133" type="stmt" count="5"/>
      <line num="134" type="stmt" count="5"/>
      <line num="136" type="stmt" count="5"/>
      <line num="137" type="stmt" count="5"/>
      <line num="139" type="stmt" count="5"/>
      <line num="140" type="stmt" count="5"/>
      <line num="141" type="stmt" count="5"/>
      <line num="144" type="stmt" count="5"/>
      <line num="145" type="stmt" count="5"/>
      <line num="146" type="stmt" count="1"/>
      <line num="147" type="stmt" count="1"/>
      <line num="149" type="stmt" count="5"/>
      <line num="150" type="stmt" count="4"/>
      <line num="151" type="stmt" count="5"/>
      <line num="154" type="stmt" count="4"/>
      <line num="156" type="stmt" count="4"/>
      <line num="157" type="stmt" count="4"/>
      <line num="160" type="stmt" count="4"/>
      <line num="161" type="stmt" count="4"/>
      <line num="162" type="stmt" count="4"/>
      <line num="165" type="stmt" count="4"/>
      <line num="166" type="stmt" count="4"/>
      <line num="167" type="stmt" count="4"/>
      <line num="169" type="stmt" count="4"/>
      <line num="170" type="stmt" count="4"/>
      <line num="172" type="stmt" count="4"/>
      <line num="173" type="stmt" count="4"/>
      <line num="174" type="stmt" count="4"/>
      <line num="177" type="stmt" count="4"/>
      <line num="178" type="stmt" count="4"/>
      <line num="179" type="stmt" count="1"/>
      <line num="180" type="stmt" count="1"/>
      <line num="182" type="stmt" count="4"/>
      <line num="183" type="stmt" count="3"/>
      <line num="184" type="stmt" count="3"/>
      <line num="189" type="stmt" count="9"/>
      <line num="190" type="stmt" count="9"/>
      <line num="193" type="stmt" count="9"/>
      <line num="195" type="stmt" count="1"/>
      <line num="197" type="stmt" count="10"/>
      <line num="207" type="method" name="addChild" visibility="protected" complexity="3" crap="3" count="9"/>
      <line num="209" type="stmt" count="9"/>
      <line num="210" type="stmt" count="9"/>
      <line num="212" type="stmt" count="9"/>
      <line num="213" type="stmt" count="9"/>
      <line num="214" type="stmt" count="9"/>
      <line num="216" type="stmt" count="9"/>
      <line num="218" type="stmt" count="9"/>
      <line num="225" type="method" name="calc" visibility="protected" complexity="3" crap="3" count="9"/>
      <line num="227" type="stmt" count="9"/>
      <line num="228" type="stmt" count="9"/>
      <line num="229" type="stmt" count="9"/>
      <line num="230" type="stmt" count="9"/>
      <line num="231" type="stmt" count="9"/>
      <line num="233" type="stmt" count="9"/>
      <line num="241" type="method" name="getId" visibility="public" complexity="1" crap="1" count="1"/>
      <line num="243" type="stmt" count="1"/>
      <line num="250" type="method" name="getCollExecDate" visibility="public" complexity="3" crap="3" count="14"/>
      <line num="253" type="stmt" count="14"/>
      <line num="254" type="stmt" count="14"/>
      <line num="256" type="stmt" count="10"/>
      <line num="258" type="stmt" count="14"/>
      <line num="259" type="stmt" count="14"/>
      <line num="266" type="method" name="setTxCountNode" visibility="public" complexity="1" crap="1" count="11"/>
      <line num="268" type="stmt" count="11"/>
      <line num="275" type="method" name="setCtrlSumNode" visibility="public" complexity="1" crap="1" count="11"/>
      <line num="277" type="stmt" count="11"/>
      <line num="298" type="method" name="fromArray" visibility="public" complexity="3" crap="3" count="4"/>
      <line num="309" type="stmt" count="4"/>
      <line num="310" type="stmt" count="4"/>
      <line num="311" type="stmt" count="4"/>
      <line num="320" type="method" name="setName" visibility="public" complexity="1" crap="1" count="15"/>
      <line num="322" type="stmt" count="15"/>
      <line num="329" type="method" name="setIBAN" visibility="public" complexity="1" crap="1" count="15"/>
      <line num="331" type="stmt" count="15"/>
      <line num="338" type="method" name="setBIC" visibility="public" complexity="1" crap="1" count="15"/>
      <line num="340" type="stmt" count="15"/>
      <line num="347" type="method" name="setCI" visibility="public" complexity="1" crap="1" count="15"/>
      <line num="349" type="stmt" count="15"/>
      <line num="356" type="method" name="setSeqType" visibility="public" complexity="1" crap="1" count="16"/>
      <line num="358" type="stmt" count="16"/>
      <line num="369" type="method" name="setCollExecDate" visibility="public" complexity="5" crap="5" count="9"/>
      <line num="371" type="stmt" count="9"/>
      <line num="373" type="stmt" count="1"/>
      <line num="374" type="stmt" count="8"/>
      <line num="375" type="stmt" count="3"/>
      <line num="377" type="stmt" count="5"/>
      <line num="378" type="stmt" count="5"/>
      <line num="379" type="stmt" count="5"/>
      <line num="397" type="method" name="setCategoryPurpose" visibility="public" complexity="1" crap="1" count="3"/>
      <line num="399" type="stmt" count="3"/>
      <line num="406" type="method" name="getName" visibility="public" complexity="1" crap="1" count="12"/>
      <line num="408" type="stmt" count="12"/>
      <line num="415" type="method" name="getIBAN" visibility="public" complexity="1" crap="1" count="12"/>
      <line num="417" type="stmt" count="12"/>
      <line num="424" type="method" name="getBIC" visibility="public" complexity="1" crap="1" count="12"/>
      <line num="426" type="stmt" count="12"/>
      <line num="433" type="method" name="getCI" visibility="public" complexity="1" crap="1" count="8"/>
      <line num="435" type="stmt" count="8"/>
      <line num="442" type="method" name="getSeqType" visibility="public" complexity="1" crap="1" count="8"/>
      <line num="444" type="stmt" count="8"/>
      <line num="451" type="method" name="getCategoryPurpose" visibility="public" complexity="1" crap="1" count="11"/>
      <line num="453" type="stmt" count="11"/>
      <line num="460" type="method" name="validateIBAN" visibility="private" complexity="4" crap="4" count="14"/>
      <line num="462" type="stmt" count="14"/>
      <line num="463" type="stmt" count="14"/>
      <line num="464" type="stmt" count="14"/>
      <line num="465" type="stmt" count="1"/>
      <line num="466" type="stmt" count="13"/>
      <line num="467" type="stmt" count="1"/>
      <line num="470" type="stmt" count="14"/>
      <line num="477" type="method" name="validateBIC" visibility="private" complexity="4" crap="4" count="14"/>
      <line num="479" type="stmt" count="14"/>
      <line num="480" type="stmt" count="14"/>
      <line num="481" type="stmt" count="14"/>
      <line num="482" type="stmt" count="1"/>
      <line num="483" type="stmt" count="13"/>
      <line num="484" type="stmt" count="1"/>
      <line num="487" type="stmt" count="14"/>
      <line num="494" type="method" name="validateCI" visibility="private" complexity="4" crap="4" count="14"/>
      <line num="496" type="stmt" count="14"/>
      <line num="497" type="stmt" count="14"/>
      <line num="498" type="stmt" count="14"/>
      <line num="499" type="stmt" count="1"/>
      <line num="500" type="stmt" count="13"/>
      <line num="501" type="stmt" count="1"/>
      <line num="504" type="stmt" count="14"/>
      <line num="511" type="method" name="validateMandatory" visibility="private" complexity="5" crap="5" count="14"/>
      <line num="513" type="stmt" count="14"/>
      <line num="514" type="stmt" count="14"/>
      <line num="515" type="stmt" count="14"/>
      <line num="516" type="stmt" count="1"/>
      <line num="518" type="stmt" count="14"/>
      <line num="519" type="stmt" count="1"/>
      <line num="520" type="stmt" count="14"/>
      <line num="521" type="stmt" count="1"/>
      <line num="524" type="stmt" count="14"/>
      <line num="532" type="method" name="isValidateSeqType" visibility="private" complexity="1" crap="1" count="14"/>
      <line num="540" type="stmt" count="14"/>
      <metrics loc="543" ncloc="340" classes="1" methods="29" coveredmethods="29" conditionals="0" coveredconditionals="0" statements="141" coveredstatements="141" elements="170" coveredelements="170"/>
    </file>
    <file name="/var/www/html/packages/Sepa/SKien/Sepa/SepaTxInf.php">
      <class name="SKien\Sepa\SepaTxInf" namespace="global">
        <metrics complexity="53" methods="28" coveredmethods="28" conditionals="0" coveredconditionals="0" statements="70" coveredstatements="70" elements="98" coveredelements="98"/>
      </class>
      <line num="61" type="method" name="__construct" visibility="public" complexity="2" crap="2" count="20"/>
      <line num="64" type="stmt" count="20"/>
      <line num="65" type="stmt" count="19"/>
      <line num="76" type="method" name="validate" visibility="public" complexity="3" crap="3" count="13"/>
      <line num="78" type="stmt" count="13"/>
      <line num="81" type="stmt" count="13"/>
      <line num="82" type="stmt" count="13"/>
      <line num="84" type="stmt" count="13"/>
      <line num="97" type="method" name="errorMsg" visibility="public" complexity="1" crap="1" count="1"/>
      <line num="100" type="stmt" count="1"/>
      <line num="125" type="method" name="fromArray" visibility="public" complexity="4" crap="4" count="8"/>
      <line num="139" type="stmt" count="8"/>
      <line num="140" type="stmt" count="8"/>
      <line num="141" type="stmt" count="8"/>
      <line num="144" type="stmt" count="8"/>
      <line num="145" type="stmt" count="8"/>
      <line num="153" type="method" name="setName" visibility="public" complexity="1" crap="1" count="15"/>
      <line num="155" type="stmt" count="15"/>
      <line num="162" type="method" name="setIBAN" visibility="public" complexity="1" crap="1" count="15"/>
      <line num="164" type="stmt" count="15"/>
      <line num="171" type="method" name="setBIC" visibility="public" complexity="1" crap="1" count="15"/>
      <line num="173" type="stmt" count="15"/>
      <line num="180" type="method" name="setMandateId" visibility="public" complexity="1" crap="1" count="15"/>
      <line num="182" type="stmt" count="15"/>
      <line num="189" type="method" name="setDateOfSignature" visibility="public" complexity="4" crap="4" count="16"/>
      <line num="191" type="stmt" count="16"/>
      <line num="193" type="stmt" count="1"/>
      <line num="194" type="stmt" count="16"/>
      <line num="195" type="stmt" count="1"/>
      <line num="197" type="stmt" count="15"/>
      <line num="205" type="method" name="setUltimateName" visibility="public" complexity="1" crap="1" count="6"/>
      <line num="207" type="stmt" count="6"/>
      <line num="215" type="method" name="setPaymentId" visibility="public" complexity="3" crap="3" count="2"/>
      <line num="217" type="stmt" count="2"/>
      <line num="218" type="stmt" count="2"/>
      <line num="219" type="stmt" count="1"/>
      <line num="221" type="stmt" count="2"/>
      <line num="228" type="method" name="setDescription" visibility="public" complexity="1" crap="1" count="15"/>
      <line num="230" type="stmt" count="15"/>
      <line num="246" type="method" name="setPurpose" visibility="public" complexity="1" crap="1" count="7"/>
      <line num="248" type="stmt" count="7"/>
      <line num="255" type="method" name="setValue" visibility="public" complexity="1" crap="1" count="15"/>
      <line num="257" type="stmt" count="15"/>
      <line num="264" type="method" name="getType" visibility="public" complexity="1" crap="1" count="12"/>
      <line num="266" type="stmt" count="12"/>
      <line num="273" type="method" name="getName" visibility="public" complexity="1" crap="1" count="10"/>
      <line num="275" type="stmt" count="10"/>
      <line num="282" type="method" name="getIBAN" visibility="public" complexity="1" crap="1" count="10"/>
      <line num="284" type="stmt" count="10"/>
      <line num="291" type="method" name="getBIC" visibility="public" complexity="1" crap="1" count="10"/>
      <line num="293" type="stmt" count="10"/>
      <line num="300" type="method" name="getMandateId" visibility="public" complexity="1" crap="1" count="6"/>
      <line num="302" type="stmt" count="6"/>
      <line num="309" type="method" name="getDateOfSignature" visibility="public" complexity="1" crap="1" count="7"/>
      <line num="311" type="stmt" count="7"/>
      <line num="318" type="method" name="getUltimateName" visibility="public" complexity="1" crap="1" count="10"/>
      <line num="320" type="stmt" count="10"/>
      <line num="328" type="method" name="getPaymentId" visibility="public" complexity="1" crap="1" count="10"/>
      <line num="330" type="stmt" count="10"/>
      <line num="337" type="method" name="getDescription" visibility="public" complexity="1" crap="1" count="10"/>
      <line num="339" type="stmt" count="10"/>
      <line num="346" type="method" name="getPurpose" visibility="public" complexity="1" crap="1" count="9"/>
      <line num="348" type="stmt" count="9"/>
      <line num="355" type="method" name="getValue" visibility="public" complexity="1" crap="1" count="10"/>
      <line num="357" type="stmt" count="10"/>
      <line num="364" type="method" name="validateIBAN" visibility="private" complexity="4" crap="4" count="13"/>
      <line num="366" type="stmt" count="13"/>
      <line num="367" type="stmt" count="13"/>
      <line num="368" type="stmt" count="13"/>
      <line num="369" type="stmt" count="1"/>
      <line num="370" type="stmt" count="12"/>
      <line num="371" type="stmt" count="1"/>
      <line num="374" type="stmt" count="13"/>
      <line num="381" type="method" name="validateBIC" visibility="private" complexity="4" crap="4" count="13"/>
      <line num="383" type="stmt" count="13"/>
      <line num="384" type="stmt" count="13"/>
      <line num="385" type="stmt" count="13"/>
      <line num="386" type="stmt" count="2"/>
      <line num="387" type="stmt" count="11"/>
      <line num="388" type="stmt" count="1"/>
      <line num="391" type="stmt" count="13"/>
      <line num="398" type="method" name="validateMandatory" visibility="private" complexity="9" crap="9" count="13"/>
      <line num="400" type="stmt" count="13"/>
      <line num="401" type="stmt" count="13"/>
      <line num="402" type="stmt" count="13"/>
      <line num="403" type="stmt" count="1"/>
      <line num="405" type="stmt" count="13"/>
      <line num="406" type="stmt" count="1"/>
      <line num="408" type="stmt" count="13"/>
      <line num="409" type="stmt" count="1"/>
      <line num="413" type="stmt" count="13"/>
      <line num="414" type="stmt" count="9"/>
      <line num="415" type="stmt" count="1"/>
      <line num="417" type="stmt" count="9"/>
      <line num="418" type="stmt" count="1"/>
      <line num="419" type="stmt" count="8"/>
      <line num="420" type="stmt" count="1"/>
      <line num="424" type="stmt" count="13"/>
      <metrics loc="426" ncloc="233" classes="1" methods="28" coveredmethods="28" conditionals="0" coveredconditionals="0" statements="70" coveredstatements="70" elements="98" coveredelements="98"/>
    </file>
    <metrics files="18" loc="3394" ncloc="1816" classes="17" methods="121" coveredmethods="120" conditionals="0" coveredconditionals="0" statements="740" coveredstatements="739" elements="861" coveredelements="859"/>
  </project>
</coverage>
